2024-12-03 12:48:32 DEBUG TestNG:82 - suiteXmlPath: "E:\MyPrograms\PavanSelenium\OpencartV122\mastor.xml"
2024-12-03 13:02:49 DEBUG TestNG:82 - suiteXmlPath: "E:\MyPrograms\PavanSelenium\OpencartV122\mastor.xml"
2024-12-03 13:05:47 INFO  TC_002LoginTest:20 - ......Test Sarted Logintest....
2024-12-03 13:43:11 DEBUG TestNG:82 - suiteXmlPath: "E:\MyPrograms\PavanSelenium\OpencartV122\mastor.xml"
2024-12-03 13:44:36 INFO  TC_001AccountRegistrationTest:16 - *******************Testing Started*******************
2024-12-03 13:44:36 DEBUG TC_001AccountRegistrationTest:17 - THIS IS A DEBUG LOG MESSAGE
2024-12-03 13:44:37 INFO  TC_001AccountRegistrationTest:21 - click my account
2024-12-03 13:44:39 INFO  TC_001AccountRegistrationTest:23 - click register
2024-12-03 13:44:47 INFO  TC_001AccountRegistrationTest:27 - Providing customer details....
2024-12-03 13:44:53 INFO  TC_001AccountRegistrationTest:64 - .....TestFinished.............
2024-12-03 13:45:22 INFO  TC_002LoginTest:20 - ......Test Sarted Logintest....
2024-12-03 15:08:00 DEBUG TestNG:82 - suiteXmlPath: "C:\PavanSelenium\OpencartV122\mastor.xml"
2024-12-03 15:10:04 INFO  TC_001AccountRegistrationTest:16 - *******************Testing Started*******************
2024-12-03 15:10:04 DEBUG TC_001AccountRegistrationTest:17 - THIS IS A DEBUG LOG MESSAGE
2024-12-03 15:10:05 INFO  TC_001AccountRegistrationTest:21 - click my account
2024-12-03 15:10:06 INFO  TC_001AccountRegistrationTest:23 - click register
2024-12-03 15:10:14 INFO  TC_001AccountRegistrationTest:27 - Providing customer details....
2024-12-03 15:10:21 INFO  TC_001AccountRegistrationTest:64 - .....TestFinished.............
2024-12-03 15:10:51 INFO  TC_002LoginTest:20 - ......Test Sarted Logintest....
2024-12-03 15:19:00 DEBUG TestNG:82 - suiteXmlPath: "C:\PavanSelenium\OpencartV122\mastor.xml"
2024-12-03 15:20:24 INFO  TC_001AccountRegistrationTest:16 - *******************Testing Started*******************
2024-12-03 15:20:24 DEBUG TC_001AccountRegistrationTest:17 - THIS IS A DEBUG LOG MESSAGE
2024-12-03 15:20:24 INFO  TC_001AccountRegistrationTest:21 - click my account
2024-12-03 15:20:25 INFO  TC_001AccountRegistrationTest:23 - click register
2024-12-03 15:20:31 INFO  TC_001AccountRegistrationTest:27 - Providing customer details....
2024-12-03 15:20:36 INFO  TC_001AccountRegistrationTest:64 - .....TestFinished.............
2024-12-03 15:20:56 INFO  TC_002LoginTest:20 - ......Test Sarted Logintest....
2024-12-03 15:57:55 DEBUG TestNG:82 - suiteXmlPath: "C:\PavanSelenium\OpencartV122\mastor.xml"
2024-12-03 15:59:57 INFO  TC_001AccountRegistrationTest:16 - *******************Testing Started*******************
2024-12-03 15:59:57 DEBUG TC_001AccountRegistrationTest:17 - THIS IS A DEBUG LOG MESSAGE
2024-12-03 15:59:58 INFO  TC_001AccountRegistrationTest:21 - click my account
2024-12-03 16:00:02 INFO  TC_001AccountRegistrationTest:23 - click register
2024-12-03 16:00:11 INFO  TC_001AccountRegistrationTest:27 - Providing customer details....
2024-12-03 16:00:18 INFO  TC_001AccountRegistrationTest:64 - .....TestFinished.............
2024-12-03 16:01:08 INFO  TC_002LoginTest:20 - ......Test Sarted Logintest....
